<?xml version="1.0" encoding="UTF-8"?>
<!-- Generated by org.testng.reporters.JUnitReportReporter -->
<testsuite hostname="DESKTOP-D45HI40" failures="0" tests="1" name="seleniumproject.HandleCalender" time="19.367" errors="0" timestamp="17 Oct 2022 09:34:42 GMT" skipped="0">
  <testcase classname="seleniumproject.HandleCalender" name="handleCalender" time="19.367"/>
</testsuite> <!-- seleniumproject.HandleCalender -->
