<?xml version="1.0" encoding="UTF-8"?>
<!-- Generated by org.testng.reporters.JUnitReportReporter -->
<testsuite hostname="DESKTOP-D45HI40" failures="0" tests="1" name="seleniumproject.HandleCalender" time="21.956" errors="0" timestamp="16 Oct 2022 03:15:07 GMT" skipped="0">
  <testcase classname="seleniumproject.HandleCalender" name="handleCalender" time="21.956"/>
</testsuite> <!-- seleniumproject.HandleCalender -->
